#
# A fatal error has been detected by the Java Runtime Environment:
#
#  SIGSEGV (0xb) at pc=0x00007fc322005060, pid=3800, tid=140477483038464
#
# JRE version: Java(TM) SE Runtime Environment (8.0_20-b26) (build 1.8.0_20-b26)
# Java VM: Java HotSpot(TM) 64-Bit Server VM (25.20-b23 mixed mode linux-amd64 compressed oops)
# Problematic frame:
# C  0x00007fc322005060
#
# Failed to write core dump. Core dumps have been disabled. To enable core dumping, try "ulimit -c unlimited" before starting Java again
#
# If you would like to submit a bug report, please visit:
#   http://bugreport.sun.com/bugreport/crash.jsp
#

---------------  T H R E A D  ---------------

Current thread (0x00007fc370008800):  JavaThread "main" [_thread_in_Java, id=3809, stack(0x00007fc37669b000,0x00007fc37679c000)]

siginfo: si_signo: 11 (SIGSEGV), si_code: 2 (SEGV_ACCERR), si_addr: 0x00007fc322005060

Registers:
RAX=0x00007fc374d28648, RBX=0x00007fc374d28648, RCX=0x00000000eb2c63d8, RDX=0x0000000000000069
RSP=0x00007fc376799a18, RBP=0x00007fc376799a80, RSI=0x00000000eb2c63d8, RDI=0x0000000000000003
R8 =0x0000000000000e88, R9 =0x00000000000001c8, R10=0x00007fc3776f5c40, R11=0x00007fc3611835a0
R12=0x0000000000000000, R13=0x00007fc376799a30, R14=0x00007fc376799ad8, R15=0x00007fc370008800
RIP=0x00007fc322005060, EFLAGS=0x0000000000010202, CSGSFS=0x0000000000000033, ERR=0x0000000000000014
  TRAPNO=0x000000000000000e

Top of Stack: (sp=0x00007fc376799a18)
0x00007fc376799a18:   00007fc3610073d0 0000000000000001
0x00007fc376799a28:   00007fc3610073d0 0000000000000069
0x00007fc376799a38:   00000000eb2c63d8 00007fc376799a40
0x00007fc376799a48:   00007fc374d484bd 00007fc376799ad8
0x00007fc376799a58:   00007fc374d4abf8 0000000000000000
0x00007fc376799a68:   00007fc374d495b8 00007fc376799a30
0x00007fc376799a78:   00007fc376799ac8 00007fc376799b20
0x00007fc376799a88:   00007fc3610073d0 0000000000000000
0x00007fc376799a98:   0000000000000000 0000000000000000
0x00007fc376799aa8:   0000000000000000 0000000000000000
0x00007fc376799ab8:   0000000000000000 0000000000000000
0x00007fc376799ac8:   00000000eb2d6330 0000000000000069
0x00007fc376799ad8:   00000000eb2c63c0 00007fc376799ae0
0x00007fc376799ae8:   00007fc374d4840b 00007fc376799b48
0x00007fc376799af8:   00007fc374d4abf8 0000000000000000
0x00007fc376799b08:   00007fc374d48428 00007fc376799ac8
0x00007fc376799b18:   00007fc376799b38 00007fc376799b90
0x00007fc376799b28:   00007fc36100798d 0000000000000069
0x00007fc376799b38:   00000000eb2d6330 00000000eb2d6358
0x00007fc376799b48:   00000000eb2c63c0 00007fc376799b50
0x00007fc376799b58:   00007fc374d8495d 00007fc376799bd8
0x00007fc376799b68:   00007fc374d84dd8 0000000000000000
0x00007fc376799b78:   00007fc374d849f0 00007fc376799b38
0x00007fc376799b88:   00007fc376799bd8 00007fc376799c20
0x00007fc376799b98:   00007fc36100798d 0000000000000000
0x00007fc376799ba8:   0000000000000000 0000000000000000
0x00007fc376799bb8:   0000000000000000 0000000000000002
0x00007fc376799bc8:   00000000eb2c63f0 00000000eb2c63c0
0x00007fc376799bd8:   00000000eb2d6330 00007fc376799be0
0x00007fc376799be8:   00007fc374d83fca 00007fc376799c38
0x00007fc376799bf8:   00007fc374d84dd8 0000000000000000
0x00007fc376799c08:   00007fc374d83fd8 00007fc376799bd8 

Instructions: (pc=0x00007fc322005060)
0x00007fc322005040:   
[error occurred during error reporting (printing registers, top of stack, instructions near pc), id 0xb]

Register to memory mapping:

RAX={method} {0x00007fc374d28648} 'getUnsignedByte' '(I)I' in 'com/android/dx/util/ByteArray'
RBX={method} {0x00007fc374d28648} 'getUnsignedByte' '(I)I' in 'com/android/dx/util/ByteArray'
RCX=0x00000000eb2c63d8 is an oop
com.android.dx.util.ByteArray 
 - klass: 'com/android/dx/util/ByteArray'
RDX=0x0000000000000069 is an unknown value
RSP=0x00007fc376799a18 is pointing into the stack for thread: 0x00007fc370008800
RBP=0x00007fc376799a80 is pointing into the stack for thread: 0x00007fc370008800
RSI=0x00000000eb2c63d8 is an oop
com.android.dx.util.ByteArray 
 - klass: 'com/android/dx/util/ByteArray'
RDI=0x0000000000000003 is an unknown value
R8 =0x0000000000000e88 is an unknown value
R9 =0x00000000000001c8 is an unknown value
R10=0x00007fc3776f5c40: <offset 0xf59c40> in /usr/java/jdk1.8.0_20/jre/lib/amd64/server/libjvm.so at 0x00007fc37679c000
R11=0x00007fc3611835a0 is at entry_point+32 in (nmethod*)0x00007fc361183410
R12=0x0000000000000000 is an unknown value
R13=0x00007fc376799a30 is pointing into the stack for thread: 0x00007fc370008800
R14=0x00007fc376799ad8 is pointing into the stack for thread: 0x00007fc370008800
R15=0x00007fc370008800 is a thread


Stack: [0x00007fc37669b000,0x00007fc37679c000],  sp=0x00007fc376799a18,  free space=1018k
Native frames: (J=compiled Java code, j=interpreted, Vv=VM code, C=native code)
C  0x00007fc322005060
j  com.android.dx.cf.code.BytecodeArray.processWorkSet([ILcom/android/dx/cf/code/BytecodeArray$Visitor;)V+35
j  com.android.dx.cf.code.BasicBlocker.doit()V+53
j  com.android.dx.cf.code.BasicBlocker.identifyBlocks(Lcom/android/dx/cf/code/ConcreteMethod;)Lcom/android/dx/cf/code/ByteBlockList;+10
j  com.android.dx.cf.code.Ropper.<init>(Lcom/android/dx/cf/code/ConcreteMethod;Lcom/android/dx/rop/code/TranslationAdvice;)V+39
j  com.android.dx.cf.code.Ropper.convert(Lcom/android/dx/cf/code/ConcreteMethod;Lcom/android/dx/rop/code/TranslationAdvice;)Lcom/android/dx/rop/code/RopMethod;+6
j  com.android.dx.dex.cf.CfTranslator.processMethods(Lcom/android/dx/cf/direct/DirectClassFile;Lcom/android/dx/dex/cf/CfOptions;Lcom/android/dx/dex/DexOptions;Lcom/android/dx/dex/file/ClassDefItem;Lcom/android/dx/dex/file/MethodIdsSection;)V+174
j  com.android.dx.dex.cf.CfTranslator.translate0(Lcom/android/dx/cf/direct/DirectClassFile;[BLcom/android/dx/dex/cf/CfOptions;Lcom/android/dx/dex/DexOptions;Lcom/android/dx/dex/file/DexFile;)Lcom/android/dx/dex/file/ClassDefItem;+125
j  com.android.dx.dex.cf.CfTranslator.translate(Lcom/android/dx/cf/direct/DirectClassFile;[BLcom/android/dx/dex/cf/CfOptions;Lcom/android/dx/dex/DexOptions;Lcom/android/dx/dex/file/DexFile;)Lcom/android/dx/dex/file/ClassDefItem;+6
j  com.android.dx.command.dexer.Main.processClass(Ljava/lang/String;[B)Z+175
j  com.android.dx.command.dexer.Main.processFileBytes(Ljava/lang/String;J[B)Z+188
j  com.android.dx.command.dexer.Main.access$600(Ljava/lang/String;J[B)Z+3
j  com.android.dx.command.dexer.Main$1.processFileBytes(Ljava/lang/String;J[B)Z+36
j  com.android.dx.cf.direct.ClassPathOpener.processOne(Ljava/io/File;Z)Z+82
j  com.android.dx.cf.direct.ClassPathOpener.processDirectory(Ljava/io/File;Z)Z+64
j  com.android.dx.cf.direct.ClassPathOpener.processOne(Ljava/io/File;Z)Z+10
j  com.android.dx.cf.direct.ClassPathOpener.processDirectory(Ljava/io/File;Z)Z+64
j  com.android.dx.cf.direct.ClassPathOpener.processOne(Ljava/io/File;Z)Z+10
j  com.android.dx.cf.direct.ClassPathOpener.processDirectory(Ljava/io/File;Z)Z+64
j  com.android.dx.cf.direct.ClassPathOpener.processOne(Ljava/io/File;Z)Z+10
j  com.android.dx.cf.direct.ClassPathOpener.processDirectory(Ljava/io/File;Z)Z+64
j  com.android.dx.cf.direct.ClassPathOpener.processOne(Ljava/io/File;Z)Z+10
j  com.android.dx.cf.direct.ClassPathOpener.process()Z+15
j  com.android.dx.command.dexer.Main.processOne(Ljava/lang/String;Lcom/android/dx/cf/direct/ClassPathOpener$FileNameFilter;)Z+19
j  com.android.dx.command.dexer.Main.processAllFiles()Z+207
j  com.android.dx.command.dexer.Main.runMonoDex()I+58
j  com.android.dx.command.dexer.Main.run(Lcom/android/dx/command/dexer/Main$Arguments;)I+73
j  com.android.dx.command.dexer.Main.main([Ljava/lang/String;)V+14
j  com.android.dx.command.Main.main([Ljava/lang/String;)V+61
v  ~StubRoutines::call_stub
V  [libjvm.so+0x663ce6]  JavaCalls::call_helper(JavaValue*, methodHandle*, JavaCallArguments*, Thread*)+0x1056
V  [libjvm.so+0x6aada6]  jni_invoke_static(JNIEnv_*, JavaValue*, _jobject*, JNICallType, _jmethodID*, JNI_ArgumentPusher*, Thread*)+0x346
V  [libjvm.so+0x6b193a]  jni_CallStaticVoidMethod+0x17a
C  [libjli.so+0x7b14]  JavaMain+0x844
C  [libpthread.so.0+0x7f35]


---------------  P R O C E S S  ---------------

Java Threads: ( => current thread )
  0x00007fc37018d800 JavaThread "Service Thread" daemon [_thread_blocked, id=3821, stack(0x00007fc351cfd000,0x00007fc351dfe000)]
  0x00007fc370178000 JavaThread "C1 CompilerThread2" daemon [_thread_blocked, id=3820, stack(0x00007fc351dfe000,0x00007fc351eff000)]
  0x00007fc370176000 JavaThread "C2 CompilerThread1" daemon [_thread_blocked, id=3819, stack(0x00007fc351eff000,0x00007fc352000000)]
  0x00007fc370173000 JavaThread "C2 CompilerThread0" daemon [_thread_blocked, id=3818, stack(0x00007fc3600f1000,0x00007fc3601f2000)]
  0x00007fc370171000 JavaThread "Signal Dispatcher" daemon [_thread_blocked, id=3817, stack(0x00007fc3601f2000,0x00007fc3602f3000)]
  0x00007fc370142000 JavaThread "Finalizer" daemon [_thread_blocked, id=3816, stack(0x00007fc3602f3000,0x00007fc3603f4000)]
  0x00007fc370140000 JavaThread "Reference Handler" daemon [_thread_blocked, id=3815, stack(0x00007fc3603f4000,0x00007fc3604f5000)]
=>0x00007fc370008800 JavaThread "main" [_thread_in_Java, id=3809, stack(0x00007fc37669b000,0x00007fc37679c000)]

Other Threads:
  0x00007fc370139000 VMThread [stack: 0x00007fc3604f5000,0x00007fc3605f6000] [id=3814]
  0x00007fc370190000 WatcherThread [stack: 0x00007fc351bfc000,0x00007fc351cfd000] [id=3822]

VM state:not at safepoint (normal execution)

VM Mutex/Monitor currently owned by a thread: None

Heap:
 PSYoungGen      total 14336K, used 8195K [0x00000000eab00000, 0x00000000ebb00000, 0x0000000100000000)
  eden space 12288K, 66% used [0x00000000eab00000,0x00000000eb300d28,0x00000000eb700000)
  from space 2048K, 0% used [0x00000000eb900000,0x00000000eb900000,0x00000000ebb00000)
  to   space 2048K, 0% used [0x00000000eb700000,0x00000000eb700000,0x00000000eb900000)
 ParOldGen       total 32768K, used 0K [0x00000000c0000000, 0x00000000c2000000, 0x00000000eab00000)
  object space 32768K, 0% used [0x00000000c0000000,0x00000000c0000000,0x00000000c2000000)
 Metaspace       used 4767K, capacity 6192K, committed 6272K, reserved 1056768K
  class space    used 536K, capacity 616K, committed 640K, reserved 1048576K

Card table byte_map: [0x00007fc375854000,0x00007fc375a55000] byte_map_base: 0x00007fc375254000

Marking Bits: (ParMarkBitMap*) 0x00007fc3776f3ac0
 Begin Bits: [0x00007fc352000000, 0x00007fc353000000)
 End Bits:   [0x00007fc353000000, 0x00007fc354000000)

Polling page: 0x00007fc37795a000

CodeCache: size=245760Kb used=2001Kb max_used=2001Kb free=243758Kb
 bounds [0x00007fc361000000, 0x00007fc361270000, 0x00007fc370000000]
 total_blobs=763 nmethods=506 adapters=173
 compilation: enabled

Compilation events (10 events):
Event: 0,867 Thread 0x00007fc370178000  501       3       com.android.dx.rop.code.RegisterSpec::getNextReg (10 bytes)
Event: 0,867 Thread 0x00007fc370173000  495       4       com.android.dx.util.ByteArray::getUnsignedByte (14 bytes)
Event: 0,867 Thread 0x00007fc370178000 nmethod 501 0x00007fc3611f0150 code [0x00007fc3611f02e0, 0x00007fc3611f0698]
Event: 0,867 Thread 0x00007fc370178000  483       3       com.android.dx.ssa.SsaMethod::updateOneDefinition (70 bytes)
Event: 0,868 Thread 0x00007fc370178000 nmethod 483 0x00007fc3611f1610 code [0x00007fc3611f17c0, 0x00007fc3611f1fc8]
Event: 0,868 Thread 0x00007fc370178000  493       3       com.android.dx.util.IntList::sort (29 bytes)
Event: 0,868 Thread 0x00007fc370176000 nmethod 481 0x00007fc3611ee210 code [0x00007fc3611ee380, 0x00007fc3611ee8a8]
Event: 0,868 Thread 0x00007fc370176000  502       4       java.util.ArrayList::rangeCheck (22 bytes)
Event: 0,868 Thread 0x00007fc370178000 nmethod 493 0x00007fc3611f3f10 code [0x00007fc3611f40c0, 0x00007fc3611f4528]
Event: 0,868 Thread 0x00007fc370173000 nmethod 495 0x00007fc3611f2410 code [0x00007fc3611f2560, 0x00007fc3611f2638]

GC Heap History (0 events):
No events

Deoptimization events (0 events):
No events

Internal exceptions (10 events):
Event: 0,788 Thread 0x00007fc370008800 Exception <a 'java/security/PrivilegedActionException'> (0x00000000eb195928) thrown at [/HUDSON/workspace/8-2-build-linux-amd64/jdk8u20/1074/hotspot/src/share/vm/prims/jvm.cpp, line 1275]
Event: 0,788 Thread 0x00007fc370008800 Exception <a 'java/security/PrivilegedActionException'> (0x00000000eb197dd8) thrown at [/HUDSON/workspace/8-2-build-linux-amd64/jdk8u20/1074/hotspot/src/share/vm/prims/jvm.cpp, line 1275]
Event: 0,789 Thread 0x00007fc370008800 Exception <a 'java/security/PrivilegedActionException'> (0x00000000eb19b7f8) thrown at [/HUDSON/workspace/8-2-build-linux-amd64/jdk8u20/1074/hotspot/src/share/vm/prims/jvm.cpp, line 1275]
Event: 0,799 Thread 0x00007fc370008800 Exception <a 'java/security/PrivilegedActionException'> (0x00000000eb1c58c8) thrown at [/HUDSON/workspace/8-2-build-linux-amd64/jdk8u20/1074/hotspot/src/share/vm/prims/jvm.cpp, line 1275]
Event: 0,805 Thread 0x00007fc370008800 Exception <a 'java/security/PrivilegedActionException'> (0x00000000eb1daf18) thrown at [/HUDSON/workspace/8-2-build-linux-amd64/jdk8u20/1074/hotspot/src/share/vm/prims/jvm.cpp, line 1275]
Event: 0,820 Thread 0x00007fc370008800 Exception <a 'java/security/PrivilegedActionException'> (0x00000000eb211778) thrown at [/HUDSON/workspace/8-2-build-linux-amd64/jdk8u20/1074/hotspot/src/share/vm/prims/jvm.cpp, line 1275]
Event: 0,833 Thread 0x00007fc370008800 Exception <a 'java/security/PrivilegedActionException'> (0x00000000eb233300) thrown at [/HUDSON/workspace/8-2-build-linux-amd64/jdk8u20/1074/hotspot/src/share/vm/prims/jvm.cpp, line 1275]
Event: 0,847 Thread 0x00007fc370008800 Exception <a 'java/security/PrivilegedActionException'> (0x00000000eb26b9b8) thrown at [/HUDSON/workspace/8-2-build-linux-amd64/jdk8u20/1074/hotspot/src/share/vm/prims/jvm.cpp, line 1275]
Event: 0,863 Thread 0x00007fc370008800 Exception <a 'java/security/PrivilegedActionException'> (0x00000000eb2c2608) thrown at [/HUDSON/workspace/8-2-build-linux-amd64/jdk8u20/1074/hotspot/src/share/vm/prims/jvm.cpp, line 1275]
Event: 0,865 Thread 0x00007fc370008800 Exception <a 'java/security/PrivilegedActionException'> (0x00000000eb2c7538) thrown at [/HUDSON/workspace/8-2-build-linux-amd64/jdk8u20/1074/hotspot/src/share/vm/prims/jvm.cpp, line 1275]

Events (10 events):
Event: 0,820 loading class com/android/dx/ssa/PhiInsn$Operand
Event: 0,820 loading class com/android/dx/ssa/PhiInsn$Operand done
Event: 0,833 loading class com/android/dx/ssa/back/FirstFitLocalCombiningAllocator$Multiset
Event: 0,833 loading class com/android/dx/ssa/back/FirstFitLocalCombiningAllocator$Multiset done
Event: 0,846 loading class com/android/dx/cf/code/BytecodeArray$ConstantParserVisitor
Event: 0,847 loading class com/android/dx/cf/code/BytecodeArray$ConstantParserVisitor done
Event: 0,863 loading class com/android/dx/cf/direct/DirectClassFile$DcfTypeList
Event: 0,863 loading class com/android/dx/cf/direct/DirectClassFile$DcfTypeList done
Event: 0,865 loading class com/android/dx/cf/attrib/AttEnclosingMethod
Event: 0,865 loading class com/android/dx/cf/attrib/AttEnclosingMethod done


Dynamic libraries:
00400000-00401000 r-xp 00000000 fd:01 1585009                            /usr/java/jdk1.8.0_20/bin/java
00600000-00601000 rw-p 00000000 fd:01 1585009                            /usr/java/jdk1.8.0_20/bin/java
0190d000-0192e000 rw-p 00000000 00:00 0                                  [heap]
c0000000-c2000000 rw-p 00000000 00:00 0 
c2000000-eab00000 ---p 00000000 00:00 0 
eab00000-ebb00000 rw-p 00000000 00:00 0 
ebb00000-100000000 ---p 00000000 00:00 0 
100000000-1000a0000 rw-p 00000000 00:00 0 
1000a0000-140000000 ---p 00000000 00:00 0 
39d8200000-39d8220000 r-xp 00000000 fd:01 1449755                        /usr/lib64/ld-2.18.so
39d841f000-39d8420000 r--p 0001f000 fd:01 1449755                        /usr/lib64/ld-2.18.so
39d8420000-39d8421000 rw-p 00020000 fd:01 1449755                        /usr/lib64/ld-2.18.so
39d8421000-39d8422000 rw-p 00000000 00:00 0 
39d8600000-39d87b4000 r-xp 00000000 fd:01 1449760                        /usr/lib64/libc-2.18.so
39d87b4000-39d89b3000 ---p 001b4000 fd:01 1449760                        /usr/lib64/libc-2.18.so
39d89b3000-39d89b7000 r--p 001b3000 fd:01 1449760                        /usr/lib64/libc-2.18.so
39d89b7000-39d89b9000 rw-p 001b7000 fd:01 1449760                        /usr/lib64/libc-2.18.so
39d89b9000-39d89be000 rw-p 00000000 00:00 0 
39d8a00000-39d8a03000 r-xp 00000000 fd:01 1449765                        /usr/lib64/libdl-2.18.so
39d8a03000-39d8c02000 ---p 00003000 fd:01 1449765                        /usr/lib64/libdl-2.18.so
39d8c02000-39d8c03000 r--p 00002000 fd:01 1449765                        /usr/lib64/libdl-2.18.so
39d8c03000-39d8c04000 rw-p 00003000 fd:01 1449765                        /usr/lib64/libdl-2.18.so
39d8e00000-39d8e18000 r-xp 00000000 fd:01 1443220                        /usr/lib64/libpthread-2.18.so
39d8e18000-39d9017000 ---p 00018000 fd:01 1443220                        /usr/lib64/libpthread-2.18.so
39d9017000-39d9018000 r--p 00017000 fd:01 1443220                        /usr/lib64/libpthread-2.18.so
39d9018000-39d9019000 rw-p 00018000 fd:01 1443220                        /usr/lib64/libpthread-2.18.so
39d9019000-39d901d000 rw-p 00000000 00:00 0 
39d9200000-39d9305000 r-xp 00000000 fd:01 1449771                        /usr/lib64/libm-2.18.so
39d9305000-39d9505000 ---p 00105000 fd:01 1449771                        /usr/lib64/libm-2.18.so
39d9505000-39d9506000 r--p 00105000 fd:01 1449771                        /usr/lib64/libm-2.18.so
39d9506000-39d9507000 rw-p 00106000 fd:01 1449771                        /usr/lib64/libm-2.18.so
39da600000-39da607000 r-xp 00000000 fd:01 1449784                        /usr/lib64/librt-2.18.so
39da607000-39da806000 ---p 00007000 fd:01 1449784                        /usr/lib64/librt-2.18.so
39da806000-39da807000 r--p 00006000 fd:01 1449784                        /usr/lib64/librt-2.18.so
39da807000-39da808000 rw-p 00007000 fd:01 1449784                        /usr/lib64/librt-2.18.so
7fc320000000-7fc320021000 rw-p 00000000 00:00 0 
7fc320021000-7fc324000000 ---p 00000000 00:00 0 
7fc324000000-7fc324021000 rw-p 00000000 00:00 0 
7fc324021000-7fc328000000 ---p 00000000 00:00 0 
7fc328000000-7fc328094000 rw-p 00000000 00:00 0 
7fc328094000-7fc32c000000 ---p 00000000 00:00 0 
7fc32c000000-7fc32c16a000 rw-p 00000000 00:00 0 
7fc32c16a000-7fc330000000 ---p 00000000 00:00 0 
7fc330000000-7fc330091000 rw-p 00000000 00:00 0 
7fc330091000-7fc334000000 ---p 00000000 00:00 0 
7fc335ad7000-7fc33c000000 r--p 00000000 fd:01 1451894                    /usr/lib/locale/locale-archive
7fc33c000000-7fc33c021000 rw-p 00000000 00:00 0 
7fc33c021000-7fc340000000 ---p 00000000 00:00 0 
7fc340000000-7fc340021000 rw-p 00000000 00:00 0 
7fc340021000-7fc344000000 ---p 00000000 00:00 0 
7fc344000000-7fc344021000 rw-p 00000000 00:00 0 
7fc344021000-7fc348000000 ---p 00000000 00:00 0 
7fc348000000-7fc348021000 rw-p 00000000 00:00 0 
7fc348021000-7fc34c000000 ---p 00000000 00:00 0 
7fc34c000000-7fc34c021000 rw-p 00000000 00:00 0 
7fc34c021000-7fc350000000 ---p 00000000 00:00 0 
7fc351bfc000-7fc351bfd000 ---p 00000000 00:00 0 
7fc351bfd000-7fc351cfd000 rw-p 00000000 00:00 0                          [stack:3822]
7fc351cfd000-7fc351d00000 ---p 00000000 00:00 0 
7fc351d00000-7fc351dfe000 rw-p 00000000 00:00 0                          [stack:3821]
7fc351dfe000-7fc351e01000 ---p 00000000 00:00 0 
7fc351e01000-7fc351eff000 rw-p 00000000 00:00 0                          [stack:3820]
7fc351eff000-7fc351f02000 ---p 00000000 00:00 0 
7fc351f02000-7fc354000000 rw-p 00000000 00:00 0                          [stack:3819]
7fc354000000-7fc354021000 rw-p 00000000 00:00 0 
7fc354021000-7fc358000000 ---p 00000000 00:00 0 
7fc358000000-7fc358021000 rw-p 00000000 00:00 0 
7fc358021000-7fc35c000000 ---p 00000000 00:00 0 
7fc35c000000-7fc35c021000 rw-p 00000000 00:00 0 
7fc35c021000-7fc360000000 ---p 00000000 00:00 0 
7fc3600f1000-7fc3600f4000 ---p 00000000 00:00 0 
7fc3600f4000-7fc3601f2000 rw-p 00000000 00:00 0                          [stack:3818]
7fc3601f2000-7fc3601f5000 ---p 00000000 00:00 0 
7fc3601f5000-7fc3602f3000 rw-p 00000000 00:00 0                          [stack:3817]
7fc3602f3000-7fc3602f6000 ---p 00000000 00:00 0 
7fc3602f6000-7fc3603f4000 rw-p 00000000 00:00 0                          [stack:3816]
7fc3603f4000-7fc3603f7000 ---p 00000000 00:00 0 
7fc3603f7000-7fc3604f5000 rw-p 00000000 00:00 0                          [stack:3815]
7fc3604f5000-7fc3604f6000 ---p 00000000 00:00 0 
7fc3604f6000-7fc361000000 rw-p 00000000 00:00 0                          [stack:3814]
7fc361000000-7fc361270000 rwxp 00000000 00:00 0 
7fc361270000-7fc370000000 ---p 00000000 00:00 0 
7fc370000000-7fc3704d5000 rw-p 00000000 00:00 0 
7fc3704d5000-7fc374000000 ---p 00000000 00:00 0 
7fc3740ff000-7fc374653000 rw-p 00000000 00:00 0 
7fc374653000-7fc374829000 r--s 03c62000 fd:01 1585406                    /usr/java/jdk1.8.0_20/jre/lib/rt.jar
7fc374829000-7fc374e7a000 rw-p 00000000 00:00 0 
7fc374e7a000-7fc3750fa000 ---p 00000000 00:00 0 
7fc3750fa000-7fc3752fa000 rw-p 00000000 00:00 0 
7fc3752fa000-7fc3752fb000 ---p 00000000 00:00 0 
7fc3752fb000-7fc3753fb000 rw-p 00000000 00:00 0                          [stack:3813]
7fc3753fb000-7fc3753fc000 ---p 00000000 00:00 0 
7fc3753fc000-7fc3754fc000 rw-p 00000000 00:00 0                          [stack:3812]
7fc3754fc000-7fc3754fd000 ---p 00000000 00:00 0 
7fc3754fd000-7fc3755fd000 rw-p 00000000 00:00 0                          [stack:3811]
7fc3755fd000-7fc3755fe000 ---p 00000000 00:00 0 
7fc3755fe000-7fc37570e000 rw-p 00000000 00:00 0                          [stack:3810]
7fc37570e000-7fc375854000 ---p 00000000 00:00 0 
7fc375854000-7fc375864000 rw-p 00000000 00:00 0 
7fc375864000-7fc3759a9000 ---p 00000000 00:00 0 
7fc3759a9000-7fc3759b2000 rw-p 00000000 00:00 0 
7fc3759b2000-7fc375a54000 ---p 00000000 00:00 0 
7fc375a54000-7fc375a5f000 rw-p 00000000 00:00 0 
7fc375a5f000-7fc375e15000 ---p 00000000 00:00 0 
7fc375e15000-7fc375e2f000 r-xp 00000000 fd:01 1585190                    /usr/java/jdk1.8.0_20/jre/lib/amd64/libzip.so
7fc375e2f000-7fc37602f000 ---p 0001a000 fd:01 1585190                    /usr/java/jdk1.8.0_20/jre/lib/amd64/libzip.so
7fc37602f000-7fc376030000 rw-p 0001a000 fd:01 1585190                    /usr/java/jdk1.8.0_20/jre/lib/amd64/libzip.so
7fc376030000-7fc37603b000 r-xp 00000000 fd:01 1449016                    /usr/lib64/libnss_files-2.18.so
7fc37603b000-7fc37623a000 ---p 0000b000 fd:01 1449016                    /usr/lib64/libnss_files-2.18.so
7fc37623a000-7fc37623b000 r--p 0000a000 fd:01 1449016                    /usr/lib64/libnss_files-2.18.so
7fc37623b000-7fc37623c000 rw-p 0000b000 fd:01 1449016                    /usr/lib64/libnss_files-2.18.so
7fc376252000-7fc376260000 r--s 000b4000 fd:01 546492                     /home/leandro/Programas/sdk/build-tools/android-4.4W/lib/dx.jar
7fc376260000-7fc37628a000 r-xp 00000000 fd:01 1585155                    /usr/java/jdk1.8.0_20/jre/lib/amd64/libjava.so
7fc37628a000-7fc37648a000 ---p 0002a000 fd:01 1585155                    /usr/java/jdk1.8.0_20/jre/lib/amd64/libjava.so
7fc37648a000-7fc37648c000 rw-p 0002a000 fd:01 1585155                    /usr/java/jdk1.8.0_20/jre/lib/amd64/libjava.so
7fc37648c000-7fc376499000 r-xp 00000000 fd:01 1585189                    /usr/java/jdk1.8.0_20/jre/lib/amd64/libverify.so
7fc376499000-7fc376699000 ---p 0000d000 fd:01 1585189                    /usr/java/jdk1.8.0_20/jre/lib/amd64/libverify.so
7fc376699000-7fc37669b000 rw-p 0000d000 fd:01 1585189                    /usr/java/jdk1.8.0_20/jre/lib/amd64/libverify.so
7fc37669b000-7fc37669e000 ---p 00000000 00:00 0 
7fc37669e000-7fc37679c000 rw-p 00000000 00:00 0                          [stack:3809]
7fc37679c000-7fc377406000 r-xp 00000000 fd:01 1585194                    /usr/java/jdk1.8.0_20/jre/lib/amd64/server/libjvm.so
7fc377406000-7fc377605000 ---p 00c6a000 fd:01 1585194                    /usr/java/jdk1.8.0_20/jre/lib/amd64/server/libjvm.so
7fc377605000-7fc3776dc000 rw-p 00c69000 fd:01 1585194                    /usr/java/jdk1.8.0_20/jre/lib/amd64/server/libjvm.so
7fc3776dc000-7fc377721000 rw-p 00000000 00:00 0 
7fc377721000-7fc377736000 r-xp 00000000 fd:01 1716605                    /usr/java/jdk1.8.0_20/lib/amd64/jli/libjli.so
7fc377736000-7fc377935000 ---p 00015000 fd:01 1716605                    /usr/java/jdk1.8.0_20/lib/amd64/jli/libjli.so
7fc377935000-7fc377936000 rw-p 00014000 fd:01 1716605                    /usr/java/jdk1.8.0_20/lib/amd64/jli/libjli.so
7fc377936000-7fc377937000 rw-p 00000000 00:00 0 
7fc37793a000-7fc377951000 rw-p 00000000 00:00 0 
7fc377951000-7fc377959000 rw-s 00000000 00:21 1141172                    /tmp/hsperfdata_leandro/3800
7fc377959000-7fc37795a000 rw-p 00000000 00:00 0 
7fc37795a000-7fc37795b000 r--p 00000000 00:00 0 
7fc37795b000-7fc37795c000 rw-p 00000000 00:00 0 
7fffcf970000-7fffcf991000 rw-p 00000000 00:00 0                          [stack]
7fffcf9fc000-7fffcf9fe000 r-xp 00000000 00:00 0                          [vdso]
7fffcf9fe000-7fffcfa00000 r--p 00000000 00:00 0                          [vvar]
ffffffffff600000-ffffffffff601000 r-xp 00000000 00:00 0                  [vsyscall]

VM Arguments:
jvm_args: -Xmx1024M 
java_command: /home/leandro/Programas/sdk/build-tools/android-4.4W/lib/dx.jar --dex --output /home/leandro/AndroidStudioProjects/fourheads/ReadLocalJson/app/build/intermediates/dex/debug /home/leandro/AndroidStudioProjects/fourheads/ReadLocalJson/app/build/intermediates/classes/debug /home/leandro/AndroidStudioProjects/fourheads/ReadLocalJson/app/build/intermediates/dependency-cache/debug
java_class_path (initial): /home/leandro/Programas/sdk/build-tools/android-4.4W/lib/dx.jar
Launcher Type: SUN_STANDARD

Environment Variables:
CLASSPATH=/home/leandro/Programas/android-studio/bin/../lib/bootstrap.jar:/home/leandro/Programas/android-studio/bin/../lib/extensions.jar:/home/leandro/Programas/android-studio/bin/../lib/util.jar:/home/leandro/Programas/android-studio/bin/../lib/jdom.jar:/home/leandro/Programas/android-studio/bin/../lib/log4j.jar:/home/leandro/Programas/android-studio/bin/../lib/trove4j.jar:/home/leandro/Programas/android-studio/bin/../lib/jna.jar:/usr/java/jdk1.8.0_20/lib/tools.jar
PATH=/usr/lib64/qt-3.3/bin:/usr/libexec/lightdm:/usr/local/bin:/usr/bin:/bin:/usr/local/sbin:/usr/sbin:/home/leandro/.local/bin:/home/leandro/bin
LD_LIBRARY_PATH=/home/leandro/Programas/android-studio/bin:
SHELL=/bin/bash
DISPLAY=:0.0

Signal Handlers:
SIGSEGV: [libjvm.so+0xa77530], sa_mask[0]=11111111011111111101111111111110, sa_flags=SA_RESTART|SA_SIGINFO
SIGBUS: [libjvm.so+0xa77530], sa_mask[0]=11111111011111111101111111111110, sa_flags=SA_RESTART|SA_SIGINFO
SIGFPE: [libjvm.so+0x8e1d90], sa_mask[0]=11111111011111111101111111111110, sa_flags=SA_RESTART|SA_SIGINFO
SIGPIPE: [libjvm.so+0x8e1d90], sa_mask[0]=11111111011111111101111111111110, sa_flags=SA_RESTART|SA_SIGINFO
SIGXFSZ: [libjvm.so+0x8e1d90], sa_mask[0]=11111111011111111101111111111110, sa_flags=SA_RESTART|SA_SIGINFO
SIGILL: [libjvm.so+0x8e1d90], sa_mask[0]=11111111011111111101111111111110, sa_flags=SA_RESTART|SA_SIGINFO
SIGUSR1: SIG_DFL, sa_mask[0]=00000000000000000000000000000000, sa_flags=none
SIGUSR2: [libjvm.so+0x8e35c0], sa_mask[0]=00100000000000000000000000000000, sa_flags=SA_RESTART|SA_SIGINFO
SIGHUP: [libjvm.so+0x8e4980], sa_mask[0]=11111111011111111101111111111110, sa_flags=SA_RESTART|SA_SIGINFO
SIGINT: [libjvm.so+0x8e4980], sa_mask[0]=11111111011111111101111111111110, sa_flags=SA_RESTART|SA_SIGINFO
SIGTERM: [libjvm.so+0x8e4980], sa_mask[0]=11111111011111111101111111111110, sa_flags=SA_RESTART|SA_SIGINFO
SIGQUIT: [libjvm.so+0x8e4980], sa_mask[0]=11111111011111111101111111111110, sa_flags=SA_RESTART|SA_SIGINFO


---------------  S Y S T E M  ---------------

OS:Fedora release 20 (Heisenbug)

uname:Linux 3.16.2-201.fc20.x86_64 #1 SMP Mon Sep 15 19:57:50 UTC 2014 x86_64
libc:glibc 2.18 NPTL 2.18 
rlimit: STACK 8192k, CORE 0k, NPROC 1024, NOFILE 4096, AS infinity
load average:0,58 0,75 0,82

/proc/meminfo:
MemTotal:        3081164 kB
MemFree:           78980 kB
MemAvailable:     135352 kB
Buffers:            8836 kB
Cached:           344216 kB
SwapCached:        89432 kB
Active:          2162152 kB
Inactive:         583376 kB
Active(anon):    2100232 kB
Inactive(anon):   525340 kB
Active(file):      61920 kB
Inactive(file):    58036 kB
Unevictable:          32 kB
Mlocked:              32 kB
SwapTotal:       3162108 kB
SwapFree:        1936440 kB
Dirty:              3240 kB
Writeback:             0 kB
AnonPages:       2375356 kB
Mapped:           114056 kB
Shmem:            233132 kB
Slab:             128464 kB
SReclaimable:      98080 kB
SUnreclaim:        30384 kB
KernelStack:        7200 kB
PageTables:        36780 kB
NFS_Unstable:          0 kB
Bounce:                0 kB
WritebackTmp:          0 kB
CommitLimit:     4702688 kB
Committed_AS:    5857868 kB
VmallocTotal:   34359738367 kB
VmallocUsed:       84348 kB
VmallocChunk:   34359610464 kB
HardwareCorrupted:     0 kB
AnonHugePages:         0 kB
HugePages_Total:       0
HugePages_Free:        0
HugePages_Rsvd:        0
HugePages_Surp:        0
Hugepagesize:       2048 kB
DirectMap4k:       74688 kB
DirectMap2M:     3069952 kB


CPU:total 4 (4 cores per cpu, 1 threads per core) family 6 model 15 stepping 11, cmov, cx8, fxsr, mmx, sse, sse2, sse3, ssse3, tsc

/proc/cpuinfo:
processor	: 0
vendor_id	: GenuineIntel
cpu family	: 6
model		: 15
model name	: Intel(R) Core(TM)2 Quad CPU    Q6600  @ 2.40GHz
stepping	: 11
microcode	: 0xba
cpu MHz		: 1600.000
cache size	: 4096 KB
physical id	: 0
siblings	: 4
core id		: 0
cpu cores	: 4
apicid		: 0
initial apicid	: 0
fpu		: yes
fpu_exception	: yes
cpuid level	: 10
wp		: yes
flags		: fpu vme de pse tsc msr pae mce cx8 apic sep mtrr pge mca cmov pat pse36 clflush dts acpi mmx fxsr sse sse2 ss ht tm pbe syscall nx lm constant_tsc arch_perfmon pebs bts rep_good nopl aperfmperf pni dtes64 monitor ds_cpl vmx est tm2 ssse3 cx16 xtpr pdcm lahf_lm dtherm tpr_shadow vnmi flexpriority
bogomips	: 4799.92
clflush size	: 64
cache_alignment	: 64
address sizes	: 36 bits physical, 48 bits virtual
power management:

processor	: 1
vendor_id	: GenuineIntel
cpu family	: 6
model		: 15
model name	: Intel(R) Core(TM)2 Quad CPU    Q6600  @ 2.40GHz
stepping	: 11
microcode	: 0xba
cpu MHz		: 1600.000
cache size	: 4096 KB
physical id	: 0
siblings	: 4
core id		: 1
cpu cores	: 4
apicid		: 1
initial apicid	: 1
fpu		: yes
fpu_exception	: yes
cpuid level	: 10
wp		: yes
flags		: fpu vme de pse tsc msr pae mce cx8 apic sep mtrr pge mca cmov pat pse36 clflush dts acpi mmx fxsr sse sse2 ss ht tm pbe syscall nx lm constant_tsc arch_perfmon pebs bts rep_good nopl aperfmperf pni dtes64 monitor ds_cpl vmx est tm2 ssse3 cx16 xtpr pdcm lahf_lm dtherm tpr_shadow vnmi flexpriority
bogomips	: 4799.92
clflush size	: 64
cache_alignment	: 64
address sizes	: 36 bits physical, 48 bits virtual
power management:

processor	: 2
vendor_id	: GenuineIntel
cpu family	: 6
model		: 15
model name	: Intel(R) Core(TM)2 Quad CPU    Q6600  @ 2.40GHz
stepping	: 11
microcode	: 0xba
cpu MHz		: 2400.000
cache size	: 4096 KB
physical id	: 0
siblings	: 4
core id		: 3
cpu cores	: 4
apicid		: 3
initial apicid	: 3
fpu		: yes
fpu_exception	: yes
cpuid level	: 10
wp		: yes
flags		: fpu vme de pse tsc msr pae mce cx8 apic sep mtrr pge mca cmov pat pse36 clflush dts acpi mmx fxsr sse sse2 ss ht tm pbe syscall nx lm constant_tsc arch_perfmon pebs bts rep_good nopl aperfmperf pni dtes64 monitor ds_cpl vmx est tm2 ssse3 cx16 xtpr pdcm lahf_lm dtherm tpr_shadow vnmi flexpriority
bogomips	: 4799.92
clflush size	: 64
cache_alignment	: 64
address sizes	: 36 bits physical, 48 bits virtual
power management:

processor	: 3
vendor_id	: GenuineIntel
cpu family	: 6
model		: 15
model name	: Intel(R) Core(TM)2 Quad CPU    Q6600  @ 2.40GHz
stepping	: 11
microcode	: 0xba
cpu MHz		: 2400.000
cache size	: 4096 KB
physical id	: 0
siblings	: 4
core id		: 2
cpu cores	: 4
apicid		: 2
initial apicid	: 2
fpu		: yes
fpu_exception	: yes
cpuid level	: 10
wp		: yes
flags		: fpu vme de pse tsc msr pae mce cx8 apic sep mtrr pge mca cmov pat pse36 clflush dts acpi mmx fxsr sse sse2 ss ht tm pbe syscall nx lm constant_tsc arch_perfmon pebs bts rep_good nopl aperfmperf pni dtes64 monitor ds_cpl vmx est tm2 ssse3 cx16 xtpr pdcm lahf_lm dtherm tpr_shadow vnmi flexpriority
bogomips	: 4799.92
clflush size	: 64
cache_alignment	: 64
address sizes	: 36 bits physical, 48 bits virtual
power management:



Memory: 4k page, physical 3081164k(78980k free), swap 3162108k(1936440k free)

vm_info: Java HotSpot(TM) 64-Bit Server VM (25.20-b23) for linux-amd64 JRE (1.8.0_20-b26), built on Jul 30 2014 13:13:52 by "java_re" with gcc 4.3.0 20080428 (Red Hat 4.3.0-8)

time: Mon Nov 10 16:05:18 2014
elapsed time: 0 seconds (0d 0h 0m 0s)

