#
# A fatal error has been detected by the Java Runtime Environment:
#
#  SIGSEGV (0xb) at pc=0x00007ff95e005060, pid=5439, tid=140710397359872
#
# JRE version: Java(TM) SE Runtime Environment (8.0_20-b26) (build 1.8.0_20-b26)
# Java VM: Java HotSpot(TM) 64-Bit Server VM (25.20-b23 mixed mode linux-amd64 compressed oops)
# Problematic frame:
# C  0x00007ff95e005060
#
# Failed to write core dump. Core dumps have been disabled. To enable core dumping, try "ulimit -c unlimited" before starting Java again
#
# If you would like to submit a bug report, please visit:
#   http://bugreport.sun.com/bugreport/crash.jsp
#

---------------  T H R E A D  ---------------

Current thread (0x00007ff9ac008800):  JavaThread "main" [_thread_in_Java, id=5448, stack(0x00007ff9b1303000,0x00007ff9b1404000)]

siginfo: si_signo: 11 (SIGSEGV), si_code: 2 (SEGV_ACCERR), si_addr: 0x00007ff95e005060

Registers:
RAX=0x00000000eb4b3530, RBX=0x00007ff99c5d41c8, RCX=0x0000000000000000, RDX=0x00000000eb450d80
RSP=0x00007ff9b1401a28, RBP=0x00000000eb4b3530, RSI=0x00000000eb4b3530, RDI=0x00000000000000f4
R8 =0x0000000000000051, R9 =0x00000000000000f4, R10=0x0000000000000001, R11=0x0000000020009fc1
R12=0x0000000000000000, R13=0x00007ff9b1401a70, R14=0x00007ff99ca81438, R15=0x00007ff9ac008800
RIP=0x00007ff95e005060, EFLAGS=0x0000000000010246, CSGSFS=0x0000000000000033, ERR=0x0000000000000014
  TRAPNO=0x000000000000000e

Top of Stack: (sp=0x00007ff9b1401a28)
0x00007ff9b1401a28:   00007ff99d2362f0 00000000eb450d80
0x00007ff9b1401a38:   00007ff9b1a6101a 00007ff9ac008800
0x00007ff9b1401a48:   000000c1ac0089e8 00007ff9b1401ab8
0x00007ff9b1401a58:   00007ff99d007710 00007ff9b1401ab8
0x00007ff9b1401a68:   00007ff99d007710 00000000eb450d80
0x00007ff9b1401a78:   00007ff9b1401a78 00007ff99c9ea6e4
0x00007ff9b1401a88:   00007ff9b1401ae0 00007ff99c9eb540
0x00007ff9b1401a98:   00007ff99ca81438 00007ff99c9ea720
0x00007ff9b1401aa8:   00007ff9b1401a70 00007ff9b1401ad8
0x00007ff9b1401ab8:   00007ff9b1401b28 00007ff99d00798d
0x00007ff9b1401ac8:   0000000000000000 0000000000000000
0x00007ff9b1401ad8:   00000000eb450d38 00000000eb4a3fc8
0x00007ff9b1401ae8:   00007ff9b1401ae8 00007ff99c9eb15f
0x00007ff9b1401af8:   00007ff9b1401b50 00007ff99c9eb540
0x00007ff9b1401b08:   0000000000000000 00007ff99c9eb238
0x00007ff9b1401b18:   00007ff9b1401ad8 00007ff9b1401b50
0x00007ff9b1401b28:   00007ff9b1401b98 00007ff99d00798d
0x00007ff9b1401b38:   00000000eb450d38 0000000000000050
0x00007ff9b1401b48:   00000000eb458838 00000000eb4a3fc8
0x00007ff9b1401b58:   00007ff9b1401b58 00007ff99c9ea188
0x00007ff9b1401b68:   00007ff9b1401ba8 00007ff99c9eb540
0x00007ff9b1401b78:   0000000000000000 00007ff99c9ea198
0x00007ff9b1401b88:   00007ff9b1401b50 00007ff9b1401ba8
0x00007ff9b1401b98:   00007ff9b1401bf0 00007ff99d00798d
0x00007ff9b1401ba8:   00000000eb442bf0 00007ff9b1401bb0
0x00007ff9b1401bb8:   00007ff99c9c616b 00007ff9b1401c10
0x00007ff9b1401bc8:   00007ff99c9c6638 0000000000000000
0x00007ff9b1401bd8:   00007ff99c9c61e8 00007ff9b1401ba8
0x00007ff9b1401be8:   00007ff9b1401c08 00007ff9b1401c58
0x00007ff9b1401bf8:   00007ff99d00798d 0000000000000001
0x00007ff9b1401c08:   00000000eb442bd0 00000000eb442bf0
0x00007ff9b1401c18:   00007ff9b1401c18 00007ff99c9c5fc8 

Instructions: (pc=0x00007ff95e005060)
0x00007ff95e005040:   
[error occurred during error reporting (printing registers, top of stack, instructions near pc), id 0xb]

Register to memory mapping:

RAX=0x00000000eb4b3530 is an oop
java.util.ArrayList$Itr 
 - klass: 'java/util/ArrayList$Itr'
RBX={method} {0x00007ff99c5d41c8} 'iterator' '()Ljava/util/Iterator;' in 'java/util/ArrayList'
RCX=0x0000000000000000 is an unknown value
RDX=0x00000000eb450d80 is an oop
java.util.ArrayList 
 - klass: 'java/util/ArrayList'
RSP=0x00007ff9b1401a28 is pointing into the stack for thread: 0x00007ff9ac008800
RBP=0x00000000eb4b3530 is an oop
java.util.ArrayList$Itr 
 - klass: 'java/util/ArrayList$Itr'
RSI=0x00000000eb4b3530 is an oop
java.util.ArrayList$Itr 
 - klass: 'java/util/ArrayList$Itr'
RDI=0x00000000000000f4 is an unknown value
R8 =0x0000000000000051 is an unknown value
R9 =0x00000000000000f4 is an unknown value
R10=0x0000000000000001 is an unknown value
R11=0x0000000020009fc1 is an unknown value
R12=0x0000000000000000 is an unknown value
R13=0x00007ff9b1401a70 is pointing into the stack for thread: 0x00007ff9ac008800
R14=0x00007ff99ca81438 is pointing into metadata
R15=0x00007ff9ac008800 is a thread


Stack: [0x00007ff9b1303000,0x00007ff9b1404000],  sp=0x00007ff9b1401a28,  free space=1018k
Native frames: (J=compiled Java code, j=interpreted, Vv=VM code, C=native code)
C  0x00007ff95e005060


---------------  P R O C E S S  ---------------

Java Threads: ( => current thread )
  0x00007ff9ac19d800 JavaThread "Service Thread" daemon [_thread_blocked, id=5460, stack(0x00007ff994aeb000,0x00007ff994bec000)]
  0x00007ff9ac178000 JavaThread "C1 CompilerThread2" daemon [_thread_in_vm, id=5459, stack(0x00007ff994bec000,0x00007ff994ced000)]
  0x00007ff9ac176000 JavaThread "C2 CompilerThread1" daemon [_thread_blocked, id=5458, stack(0x00007ff994ced000,0x00007ff994dee000)]
  0x00007ff9ac173000 JavaThread "C2 CompilerThread0" daemon [_thread_in_native, id=5457, stack(0x00007ff994dee000,0x00007ff994eef000)]
  0x00007ff9ac171000 JavaThread "Signal Dispatcher" daemon [_thread_blocked, id=5456, stack(0x00007ff994eef000,0x00007ff994ff0000)]
  0x00007ff9ac142000 JavaThread "Finalizer" daemon [_thread_blocked, id=5455, stack(0x00007ff994ff0000,0x00007ff9950f1000)]
  0x00007ff9ac140000 JavaThread "Reference Handler" daemon [_thread_blocked, id=5454, stack(0x00007ff9950f1000,0x00007ff9951f2000)]
=>0x00007ff9ac008800 JavaThread "main" [_thread_in_Java, id=5448, stack(0x00007ff9b1303000,0x00007ff9b1404000)]

Other Threads:
  0x00007ff9ac139000 VMThread [stack: 0x00007ff9951f2000,0x00007ff9952f3000] [id=5453]
  0x00007ff9ac1a0000 WatcherThread [stack: 0x00007ff9949ea000,0x00007ff994aeb000] [id=5461]

VM state:not at safepoint (normal execution)

VM Mutex/Monitor currently owned by a thread: None

Heap:
 PSYoungGen      total 14336K, used 10167K [0x00000000eab00000, 0x00000000ebb00000, 0x0000000100000000)
  eden space 12288K, 82% used [0x00000000eab00000,0x00000000eb4edd50,0x00000000eb700000)
  from space 2048K, 0% used [0x00000000eb900000,0x00000000eb900000,0x00000000ebb00000)
  to   space 2048K, 0% used [0x00000000eb700000,0x00000000eb700000,0x00000000eb900000)
 ParOldGen       total 32768K, used 0K [0x00000000c0000000, 0x00000000c2000000, 0x00000000eab00000)
  object space 32768K, 0% used [0x00000000c0000000,0x00000000c0000000,0x00000000c2000000)
 Metaspace       used 4888K, capacity 6320K, committed 6528K, reserved 1056768K
  class space    used 535K, capacity 616K, committed 640K, reserved 1048576K

Card table byte_map: [0x00007ff9b04bc000,0x00007ff9b06bd000] byte_map_base: 0x00007ff9afebc000

Marking Bits: (ParMarkBitMap*) 0x00007ff9b235bac0
 Begin Bits: [0x00007ff996000000, 0x00007ff997000000)
 End Bits:   [0x00007ff997000000, 0x00007ff998000000)

Polling page: 0x00007ff9b25c2000

CodeCache: size=245760Kb used=2473Kb max_used=2473Kb free=243287Kb
 bounds [0x00007ff99d000000, 0x00007ff99d270000, 0x00007ff9ac000000]
 total_blobs=900 nmethods=643 adapters=173
 compilation: enabled

Compilation events (10 events):
Event: 0,586 Thread 0x00007ff9ac178000  625       1       com.android.dx.rop.cst.CstLiteral32::getIntBits (5 bytes)
Event: 0,586 Thread 0x00007ff9ac178000 nmethod 625 0x00007ff99d266e90 code [0x00007ff99d266fe0, 0x00007ff99d2670f0]
Event: 0,586 Thread 0x00007ff9ac178000  645       3       java.util.HashMap::resize (359 bytes)
Event: 0,586 Thread 0x00007ff9ac176000  647   !   4       com.android.dx.util.FixedSizeList::<init> (36 bytes)
Event: 0,587 Thread 0x00007ff9ac178000 nmethod 645 0x00007ff99d267150 code [0x00007ff99d2673a0, 0x00007ff99d2685c8]
Event: 0,587 Thread 0x00007ff9ac178000  651       3       com.android.dx.ssa.MoveParamCombiner$1::visitNonMoveInsn (213 bytes)
Event: 0,587 Thread 0x00007ff9ac173000  654       4       com.android.dx.ssa.SsaBasicBlock::forEachInsn (37 bytes)
Event: 0,588 Thread 0x00007ff9ac176000 nmethod 647 0x00007ff99d26ba50 code [0x00007ff99d26bba0, 0x00007ff99d26bcd8]
Event: 0,588 Thread 0x00007ff9ac176000  656       4       java.util.ArrayList$Itr::<init> (6 bytes)
Event: 0,588 Thread 0x00007ff9ac176000 nmethod 656 0x00007ff99d237590 code [0x00007ff99d2376e0, 0x00007ff99d237778]

GC Heap History (0 events):
No events

Deoptimization events (0 events):
No events

Internal exceptions (10 events):
Event: 0,446 Thread 0x00007ff9ac008800 Exception <a 'java/security/PrivilegedActionException'> (0x00000000eb18c5b0) thrown at [/HUDSON/workspace/8-2-build-linux-amd64/jdk8u20/1074/hotspot/src/share/vm/prims/jvm.cpp, line 1275]
Event: 0,447 Thread 0x00007ff9ac008800 Exception <a 'java/security/PrivilegedActionException'> (0x00000000eb196368) thrown at [/HUDSON/workspace/8-2-build-linux-amd64/jdk8u20/1074/hotspot/src/share/vm/prims/jvm.cpp, line 1275]
Event: 0,447 Thread 0x00007ff9ac008800 Exception <a 'java/security/PrivilegedActionException'> (0x00000000eb198818) thrown at [/HUDSON/workspace/8-2-build-linux-amd64/jdk8u20/1074/hotspot/src/share/vm/prims/jvm.cpp, line 1275]
Event: 0,448 Thread 0x00007ff9ac008800 Exception <a 'java/security/PrivilegedActionException'> (0x00000000eb19c238) thrown at [/HUDSON/workspace/8-2-build-linux-amd64/jdk8u20/1074/hotspot/src/share/vm/prims/jvm.cpp, line 1275]
Event: 0,454 Thread 0x00007ff9ac008800 Exception <a 'java/security/PrivilegedActionException'> (0x00000000eb1b6250) thrown at [/HUDSON/workspace/8-2-build-linux-amd64/jdk8u20/1074/hotspot/src/share/vm/prims/jvm.cpp, line 1275]
Event: 0,455 Thread 0x00007ff9ac008800 Exception <a 'java/security/PrivilegedActionException'> (0x00000000eb1baa18) thrown at [/HUDSON/workspace/8-2-build-linux-amd64/jdk8u20/1074/hotspot/src/share/vm/prims/jvm.cpp, line 1275]
Event: 0,456 Thread 0x00007ff9ac008800 Exception <a 'java/security/PrivilegedActionException'> (0x00000000eb1bdb98) thrown at [/HUDSON/workspace/8-2-build-linux-amd64/jdk8u20/1074/hotspot/src/share/vm/prims/jvm.cpp, line 1275]
Event: 0,460 Thread 0x00007ff9ac008800 Exception <a 'java/security/PrivilegedActionException'> (0x00000000eb1cb598) thrown at [/HUDSON/workspace/8-2-build-linux-amd64/jdk8u20/1074/hotspot/src/share/vm/prims/jvm.cpp, line 1275]
Event: 0,471 Thread 0x00007ff9ac008800 Exception <a 'java/security/PrivilegedActionException'> (0x00000000eb1f65a0) thrown at [/HUDSON/workspace/8-2-build-linux-amd64/jdk8u20/1074/hotspot/src/share/vm/prims/jvm.cpp, line 1275]
Event: 0,482 Thread 0x00007ff9ac008800 Exception <a 'java/security/PrivilegedActionException'> (0x00000000eb219128) thrown at [/HUDSON/workspace/8-2-build-linux-amd64/jdk8u20/1074/hotspot/src/share/vm/prims/jvm.cpp, line 1275]

Events (10 events):
Event: 0,463 loading class java/util/HashMap$Values
Event: 0,463 loading class java/util/HashMap$Values done
Event: 0,463 loading class java/util/HashMap$ValueIterator
Event: 0,464 loading class java/util/HashMap$ValueIterator done
Event: 0,471 loading class com/android/dx/ssa/PhiInsn$Operand
Event: 0,471 loading class com/android/dx/ssa/PhiInsn$Operand done
Event: 0,481 loading class com/android/dx/ssa/back/FirstFitLocalCombiningAllocator$Multiset
Event: 0,481 loading class com/android/dx/ssa/back/FirstFitLocalCombiningAllocator$Multiset done
Event: 0,588 loading class java/util/ArrayList$1
Event: 0,588 loading class java/util/ArrayList$1 done


Dynamic libraries:
00400000-00401000 r-xp 00000000 fd:01 1585009                            /usr/java/jdk1.8.0_20/bin/java
00600000-00601000 rw-p 00000000 fd:01 1585009                            /usr/java/jdk1.8.0_20/bin/java
021df000-02200000 rw-p 00000000 00:00 0                                  [heap]
c0000000-c2000000 rw-p 00000000 00:00 0 
c2000000-eab00000 ---p 00000000 00:00 0 
eab00000-ebb00000 rw-p 00000000 00:00 0 
ebb00000-100000000 ---p 00000000 00:00 0 
100000000-1000a0000 rw-p 00000000 00:00 0 
1000a0000-140000000 ---p 00000000 00:00 0 
39d8200000-39d8220000 r-xp 00000000 fd:01 1449755                        /usr/lib64/ld-2.18.so
39d841f000-39d8420000 r--p 0001f000 fd:01 1449755                        /usr/lib64/ld-2.18.so
39d8420000-39d8421000 rw-p 00020000 fd:01 1449755                        /usr/lib64/ld-2.18.so
39d8421000-39d8422000 rw-p 00000000 00:00 0 
39d8600000-39d87b4000 r-xp 00000000 fd:01 1449760                        /usr/lib64/libc-2.18.so
39d87b4000-39d89b3000 ---p 001b4000 fd:01 1449760                        /usr/lib64/libc-2.18.so
39d89b3000-39d89b7000 r--p 001b3000 fd:01 1449760                        /usr/lib64/libc-2.18.so
39d89b7000-39d89b9000 rw-p 001b7000 fd:01 1449760                        /usr/lib64/libc-2.18.so
39d89b9000-39d89be000 rw-p 00000000 00:00 0 
39d8a00000-39d8a03000 r-xp 00000000 fd:01 1449765                        /usr/lib64/libdl-2.18.so
39d8a03000-39d8c02000 ---p 00003000 fd:01 1449765                        /usr/lib64/libdl-2.18.so
39d8c02000-39d8c03000 r--p 00002000 fd:01 1449765                        /usr/lib64/libdl-2.18.so
39d8c03000-39d8c04000 rw-p 00003000 fd:01 1449765                        /usr/lib64/libdl-2.18.so
39d8e00000-39d8e18000 r-xp 00000000 fd:01 1443220                        /usr/lib64/libpthread-2.18.so
39d8e18000-39d9017000 ---p 00018000 fd:01 1443220                        /usr/lib64/libpthread-2.18.so
39d9017000-39d9018000 r--p 00017000 fd:01 1443220                        /usr/lib64/libpthread-2.18.so
39d9018000-39d9019000 rw-p 00018000 fd:01 1443220                        /usr/lib64/libpthread-2.18.so
39d9019000-39d901d000 rw-p 00000000 00:00 0 
39d9200000-39d9305000 r-xp 00000000 fd:01 1449771                        /usr/lib64/libm-2.18.so
39d9305000-39d9505000 ---p 00105000 fd:01 1449771                        /usr/lib64/libm-2.18.so
39d9505000-39d9506000 r--p 00105000 fd:01 1449771                        /usr/lib64/libm-2.18.so
39d9506000-39d9507000 rw-p 00106000 fd:01 1449771                        /usr/lib64/libm-2.18.so
39da600000-39da607000 r-xp 00000000 fd:01 1449784                        /usr/lib64/librt-2.18.so
39da607000-39da806000 ---p 00007000 fd:01 1449784                        /usr/lib64/librt-2.18.so
39da806000-39da807000 r--p 00006000 fd:01 1449784                        /usr/lib64/librt-2.18.so
39da807000-39da808000 rw-p 00007000 fd:01 1449784                        /usr/lib64/librt-2.18.so
7ff954000000-7ff954021000 rw-p 00000000 00:00 0 
7ff954021000-7ff958000000 ---p 00000000 00:00 0 
7ff95c000000-7ff95c2bf000 rw-p 00000000 00:00 0 
7ff95c2bf000-7ff960000000 ---p 00000000 00:00 0 
7ff960000000-7ff960021000 rw-p 00000000 00:00 0 
7ff960021000-7ff964000000 ---p 00000000 00:00 0 
7ff964000000-7ff964208000 rw-p 00000000 00:00 0 
7ff964208000-7ff968000000 ---p 00000000 00:00 0 
7ff968000000-7ff9681c6000 rw-p 00000000 00:00 0 
7ff9681c6000-7ff96c000000 ---p 00000000 00:00 0 
7ff96c000000-7ff96c021000 rw-p 00000000 00:00 0 
7ff96c021000-7ff970000000 ---p 00000000 00:00 0 
7ff971ad7000-7ff978000000 r--p 00000000 fd:01 1451894                    /usr/lib/locale/locale-archive
7ff978000000-7ff978021000 rw-p 00000000 00:00 0 
7ff978021000-7ff97c000000 ---p 00000000 00:00 0 
7ff97c000000-7ff97c021000 rw-p 00000000 00:00 0 
7ff97c021000-7ff980000000 ---p 00000000 00:00 0 
7ff980000000-7ff980021000 rw-p 00000000 00:00 0 
7ff980021000-7ff984000000 ---p 00000000 00:00 0 
7ff984000000-7ff984021000 rw-p 00000000 00:00 0 
7ff984021000-7ff988000000 ---p 00000000 00:00 0 
7ff988000000-7ff988021000 rw-p 00000000 00:00 0 
7ff988021000-7ff98c000000 ---p 00000000 00:00 0 
7ff990000000-7ff990021000 rw-p 00000000 00:00 0 
7ff990021000-7ff994000000 ---p 00000000 00:00 0 
7ff9949ea000-7ff9949eb000 ---p 00000000 00:00 0 
7ff9949eb000-7ff994aeb000 rw-p 00000000 00:00 0                          [stack:5461]
7ff994aeb000-7ff994aee000 ---p 00000000 00:00 0 
7ff994aee000-7ff994bec000 rw-p 00000000 00:00 0                          [stack:5460]
7ff994bec000-7ff994bef000 ---p 00000000 00:00 0 
7ff994bef000-7ff994ced000 rw-p 00000000 00:00 0                          [stack:5459]
7ff994ced000-7ff994cf0000 ---p 00000000 00:00 0 
7ff994cf0000-7ff994dee000 rw-p 00000000 00:00 0                          [stack:5458]
7ff994dee000-7ff994df1000 ---p 00000000 00:00 0 
7ff994df1000-7ff994eef000 rw-p 00000000 00:00 0                          [stack:5457]
7ff994eef000-7ff994ef2000 ---p 00000000 00:00 0 
7ff994ef2000-7ff994ff0000 rw-p 00000000 00:00 0                          [stack:5456]
7ff994ff0000-7ff994ff3000 ---p 00000000 00:00 0 
7ff994ff3000-7ff9950f1000 rw-p 00000000 00:00 0                          [stack:5455]
7ff9950f1000-7ff9950f4000 ---p 00000000 00:00 0 
7ff9950f4000-7ff9951f2000 rw-p 00000000 00:00 0                          [stack:5454]
7ff9951f2000-7ff9951f3000 ---p 00000000 00:00 0 
7ff9951f3000-7ff998000000 rw-p 00000000 00:00 0                          [stack:5453]
7ff998000000-7ff998021000 rw-p 00000000 00:00 0 
7ff998021000-7ff99c000000 ---p 00000000 00:00 0 
7ff99c062000-7ff99c2b3000 rw-p 00000000 00:00 0 
7ff99c2b3000-7ff99c489000 r--s 03c62000 fd:01 1585406                    /usr/java/jdk1.8.0_20/jre/lib/rt.jar
7ff99c489000-7ff99cabf000 rw-p 00000000 00:00 0 
7ff99cabf000-7ff99ccff000 ---p 00000000 00:00 0 
7ff99ccff000-7ff99ceff000 rw-p 00000000 00:00 0 
7ff99ceff000-7ff99cf00000 ---p 00000000 00:00 0 
7ff99cf00000-7ff99d000000 rw-p 00000000 00:00 0                          [stack:5452]
7ff99d000000-7ff99d280000 rwxp 00000000 00:00 0 
7ff99d280000-7ff9ac000000 ---p 00000000 00:00 0 
7ff9ac000000-7ff9ac47e000 rw-p 00000000 00:00 0 
7ff9ac47e000-7ff9b0000000 ---p 00000000 00:00 0 
7ff9b0008000-7ff9b0063000 rw-p 00000000 00:00 0 
7ff9b0063000-7ff9b0064000 ---p 00000000 00:00 0 
7ff9b0064000-7ff9b0164000 rw-p 00000000 00:00 0                          [stack:5451]
7ff9b0164000-7ff9b0165000 ---p 00000000 00:00 0 
7ff9b0165000-7ff9b0265000 rw-p 00000000 00:00 0                          [stack:5450]
7ff9b0265000-7ff9b0266000 ---p 00000000 00:00 0 
7ff9b0266000-7ff9b0376000 rw-p 00000000 00:00 0                          [stack:5449]
7ff9b0376000-7ff9b04bc000 ---p 00000000 00:00 0 
7ff9b04bc000-7ff9b04cc000 rw-p 00000000 00:00 0 
7ff9b04cc000-7ff9b0611000 ---p 00000000 00:00 0 
7ff9b0611000-7ff9b061a000 rw-p 00000000 00:00 0 
7ff9b061a000-7ff9b06bc000 ---p 00000000 00:00 0 
7ff9b06bc000-7ff9b06c7000 rw-p 00000000 00:00 0 
7ff9b06c7000-7ff9b0a7d000 ---p 00000000 00:00 0 
7ff9b0a7d000-7ff9b0a97000 r-xp 00000000 fd:01 1585190                    /usr/java/jdk1.8.0_20/jre/lib/amd64/libzip.so
7ff9b0a97000-7ff9b0c97000 ---p 0001a000 fd:01 1585190                    /usr/java/jdk1.8.0_20/jre/lib/amd64/libzip.so
7ff9b0c97000-7ff9b0c98000 rw-p 0001a000 fd:01 1585190                    /usr/java/jdk1.8.0_20/jre/lib/amd64/libzip.so
7ff9b0c98000-7ff9b0ca3000 r-xp 00000000 fd:01 1449016                    /usr/lib64/libnss_files-2.18.so
7ff9b0ca3000-7ff9b0ea2000 ---p 0000b000 fd:01 1449016                    /usr/lib64/libnss_files-2.18.so
7ff9b0ea2000-7ff9b0ea3000 r--p 0000a000 fd:01 1449016                    /usr/lib64/libnss_files-2.18.so
7ff9b0ea3000-7ff9b0ea4000 rw-p 0000b000 fd:01 1449016                    /usr/lib64/libnss_files-2.18.so
7ff9b0eba000-7ff9b0ec8000 r--s 000b4000 fd:01 546492                     /home/leandro/Programas/sdk/build-tools/android-4.4W/lib/dx.jar
7ff9b0ec8000-7ff9b0ef2000 r-xp 00000000 fd:01 1585155                    /usr/java/jdk1.8.0_20/jre/lib/amd64/libjava.so
7ff9b0ef2000-7ff9b10f2000 ---p 0002a000 fd:01 1585155                    /usr/java/jdk1.8.0_20/jre/lib/amd64/libjava.so
7ff9b10f2000-7ff9b10f4000 rw-p 0002a000 fd:01 1585155                    /usr/java/jdk1.8.0_20/jre/lib/amd64/libjava.so
7ff9b10f4000-7ff9b1101000 r-xp 00000000 fd:01 1585189                    /usr/java/jdk1.8.0_20/jre/lib/amd64/libverify.so
7ff9b1101000-7ff9b1301000 ---p 0000d000 fd:01 1585189                    /usr/java/jdk1.8.0_20/jre/lib/amd64/libverify.so
7ff9b1301000-7ff9b1303000 rw-p 0000d000 fd:01 1585189                    /usr/java/jdk1.8.0_20/jre/lib/amd64/libverify.so
7ff9b1303000-7ff9b1306000 ---p 00000000 00:00 0 
7ff9b1306000-7ff9b1404000 rw-p 00000000 00:00 0                          [stack:5448]
7ff9b1404000-7ff9b206e000 r-xp 00000000 fd:01 1585194                    /usr/java/jdk1.8.0_20/jre/lib/amd64/server/libjvm.so
7ff9b206e000-7ff9b226d000 ---p 00c6a000 fd:01 1585194                    /usr/java/jdk1.8.0_20/jre/lib/amd64/server/libjvm.so
7ff9b226d000-7ff9b2344000 rw-p 00c69000 fd:01 1585194                    /usr/java/jdk1.8.0_20/jre/lib/amd64/server/libjvm.so
7ff9b2344000-7ff9b2389000 rw-p 00000000 00:00 0 
7ff9b2389000-7ff9b239e000 r-xp 00000000 fd:01 1716605                    /usr/java/jdk1.8.0_20/lib/amd64/jli/libjli.so
7ff9b239e000-7ff9b259d000 ---p 00015000 fd:01 1716605                    /usr/java/jdk1.8.0_20/lib/amd64/jli/libjli.so
7ff9b259d000-7ff9b259e000 rw-p 00014000 fd:01 1716605                    /usr/java/jdk1.8.0_20/lib/amd64/jli/libjli.so
7ff9b259e000-7ff9b259f000 rw-p 00000000 00:00 0 
7ff9b25a5000-7ff9b25b9000 rw-p 00000000 00:00 0 
7ff9b25b9000-7ff9b25c1000 rw-s 00000000 00:22 1944300                    /tmp/hsperfdata_leandro/5439
7ff9b25c1000-7ff9b25c2000 rw-p 00000000 00:00 0 
7ff9b25c2000-7ff9b25c3000 r--p 00000000 00:00 0 
7ff9b25c3000-7ff9b25c4000 rw-p 00000000 00:00 0 
7fffc7402000-7fffc7423000 rw-p 00000000 00:00 0                          [stack]
7fffc747f000-7fffc7481000 r-xp 00000000 00:00 0                          [vdso]
7fffc7481000-7fffc7483000 r--p 00000000 00:00 0                          [vvar]
ffffffffff600000-ffffffffff601000 r-xp 00000000 00:00 0                  [vsyscall]

VM Arguments:
jvm_args: -Xmx1024M 
java_command: /home/leandro/Programas/sdk/build-tools/android-4.4W/lib/dx.jar --dex --output /home/leandro/AndroidStudioProjects/fourheads/ReadLocalJson/app/build/intermediates/dex/debug /home/leandro/AndroidStudioProjects/fourheads/ReadLocalJson/app/build/intermediates/classes/debug /home/leandro/AndroidStudioProjects/fourheads/ReadLocalJson/app/build/intermediates/dependency-cache/debug
java_class_path (initial): /home/leandro/Programas/sdk/build-tools/android-4.4W/lib/dx.jar
Launcher Type: SUN_STANDARD

Environment Variables:
CLASSPATH=/home/leandro/Programas/android-studio/bin/../lib/bootstrap.jar:/home/leandro/Programas/android-studio/bin/../lib/extensions.jar:/home/leandro/Programas/android-studio/bin/../lib/util.jar:/home/leandro/Programas/android-studio/bin/../lib/jdom.jar:/home/leandro/Programas/android-studio/bin/../lib/log4j.jar:/home/leandro/Programas/android-studio/bin/../lib/trove4j.jar:/home/leandro/Programas/android-studio/bin/../lib/jna.jar:/usr/java/jdk1.8.0_20/lib/tools.jar
PATH=/usr/lib64/qt-3.3/bin:/usr/libexec/lightdm:/usr/local/bin:/usr/bin:/bin:/usr/local/sbin:/usr/sbin:/home/leandro/.local/bin:/home/leandro/bin
LD_LIBRARY_PATH=/home/leandro/Programas/android-studio/bin:
SHELL=/bin/bash
DISPLAY=:0.0

Signal Handlers:
SIGSEGV: [libjvm.so+0xa77530], sa_mask[0]=11111111011111111101111111111110, sa_flags=SA_RESTART|SA_SIGINFO
SIGBUS: [libjvm.so+0xa77530], sa_mask[0]=11111111011111111101111111111110, sa_flags=SA_RESTART|SA_SIGINFO
SIGFPE: [libjvm.so+0x8e1d90], sa_mask[0]=11111111011111111101111111111110, sa_flags=SA_RESTART|SA_SIGINFO
SIGPIPE: [libjvm.so+0x8e1d90], sa_mask[0]=11111111011111111101111111111110, sa_flags=SA_RESTART|SA_SIGINFO
SIGXFSZ: [libjvm.so+0x8e1d90], sa_mask[0]=11111111011111111101111111111110, sa_flags=SA_RESTART|SA_SIGINFO
SIGILL: [libjvm.so+0x8e1d90], sa_mask[0]=11111111011111111101111111111110, sa_flags=SA_RESTART|SA_SIGINFO
SIGUSR1: SIG_DFL, sa_mask[0]=00000000000000000000000000000000, sa_flags=none
SIGUSR2: [libjvm.so+0x8e35c0], sa_mask[0]=00100000000000000000000000000000, sa_flags=SA_RESTART|SA_SIGINFO
SIGHUP: [libjvm.so+0x8e4980], sa_mask[0]=11111111011111111101111111111110, sa_flags=SA_RESTART|SA_SIGINFO
SIGINT: [libjvm.so+0x8e4980], sa_mask[0]=11111111011111111101111111111110, sa_flags=SA_RESTART|SA_SIGINFO
SIGTERM: [libjvm.so+0x8e4980], sa_mask[0]=11111111011111111101111111111110, sa_flags=SA_RESTART|SA_SIGINFO
SIGQUIT: [libjvm.so+0x8e4980], sa_mask[0]=11111111011111111101111111111110, sa_flags=SA_RESTART|SA_SIGINFO


---------------  S Y S T E M  ---------------

OS:Fedora release 20 (Heisenbug)

uname:Linux 3.16.2-201.fc20.x86_64 #1 SMP Mon Sep 15 19:57:50 UTC 2014 x86_64
libc:glibc 2.18 NPTL 2.18 
rlimit: STACK 8192k, CORE 0k, NPROC 1024, NOFILE 4096, AS infinity
load average:0,60 0,54 1,22

/proc/meminfo:
MemTotal:        3081164 kB
MemFree:           83188 kB
MemAvailable:     144428 kB
Buffers:            7432 kB
Cached:           408648 kB
SwapCached:        24700 kB
Active:          2195600 kB
Inactive:         603408 kB
Active(anon):    2114488 kB
Inactive(anon):   529632 kB
Active(file):      81112 kB
Inactive(file):    73776 kB
Unevictable:          32 kB
Mlocked:              32 kB
SwapTotal:       3162108 kB
SwapFree:        2470028 kB
Dirty:              3184 kB
Writeback:             0 kB
AnonPages:       2375880 kB
Mapped:            92768 kB
Shmem:            260912 kB
Slab:              68472 kB
SReclaimable:      37952 kB
SUnreclaim:        30520 kB
KernelStack:        7072 kB
PageTables:        35328 kB
NFS_Unstable:          0 kB
Bounce:                0 kB
WritebackTmp:          0 kB
CommitLimit:     4702688 kB
Committed_AS:    5469712 kB
VmallocTotal:   34359738367 kB
VmallocUsed:       84348 kB
VmallocChunk:   34359636372 kB
HardwareCorrupted:     0 kB
AnonHugePages:         0 kB
HugePages_Total:       0
HugePages_Free:        0
HugePages_Rsvd:        0
HugePages_Surp:        0
Hugepagesize:       2048 kB
DirectMap4k:       86976 kB
DirectMap2M:     3057664 kB


CPU:total 4 (4 cores per cpu, 1 threads per core) family 6 model 15 stepping 11, cmov, cx8, fxsr, mmx, sse, sse2, sse3, ssse3, tsc

/proc/cpuinfo:
processor	: 0
vendor_id	: GenuineIntel
cpu family	: 6
model		: 15
model name	: Intel(R) Core(TM)2 Quad CPU    Q6600  @ 2.40GHz
stepping	: 11
microcode	: 0xba
cpu MHz		: 1600.000
cache size	: 4096 KB
physical id	: 0
siblings	: 4
core id		: 0
cpu cores	: 4
apicid		: 0
initial apicid	: 0
fpu		: yes
fpu_exception	: yes
cpuid level	: 10
wp		: yes
flags		: fpu vme de pse tsc msr pae mce cx8 apic sep mtrr pge mca cmov pat pse36 clflush dts acpi mmx fxsr sse sse2 ss ht tm pbe syscall nx lm constant_tsc arch_perfmon pebs bts rep_good nopl aperfmperf pni dtes64 monitor ds_cpl vmx est tm2 ssse3 cx16 xtpr pdcm lahf_lm dtherm tpr_shadow vnmi flexpriority
bogomips	: 4799.92
clflush size	: 64
cache_alignment	: 64
address sizes	: 36 bits physical, 48 bits virtual
power management:

processor	: 1
vendor_id	: GenuineIntel
cpu family	: 6
model		: 15
model name	: Intel(R) Core(TM)2 Quad CPU    Q6600  @ 2.40GHz
stepping	: 11
microcode	: 0xba
cpu MHz		: 2400.000
cache size	: 4096 KB
physical id	: 0
siblings	: 4
core id		: 1
cpu cores	: 4
apicid		: 1
initial apicid	: 1
fpu		: yes
fpu_exception	: yes
cpuid level	: 10
wp		: yes
flags		: fpu vme de pse tsc msr pae mce cx8 apic sep mtrr pge mca cmov pat pse36 clflush dts acpi mmx fxsr sse sse2 ss ht tm pbe syscall nx lm constant_tsc arch_perfmon pebs bts rep_good nopl aperfmperf pni dtes64 monitor ds_cpl vmx est tm2 ssse3 cx16 xtpr pdcm lahf_lm dtherm tpr_shadow vnmi flexpriority
bogomips	: 4799.92
clflush size	: 64
cache_alignment	: 64
address sizes	: 36 bits physical, 48 bits virtual
power management:

processor	: 2
vendor_id	: GenuineIntel
cpu family	: 6
model		: 15
model name	: Intel(R) Core(TM)2 Quad CPU    Q6600  @ 2.40GHz
stepping	: 11
microcode	: 0xba
cpu MHz		: 2400.000
cache size	: 4096 KB
physical id	: 0
siblings	: 4
core id		: 3
cpu cores	: 4
apicid		: 3
initial apicid	: 3
fpu		: yes
fpu_exception	: yes
cpuid level	: 10
wp		: yes
flags		: fpu vme de pse tsc msr pae mce cx8 apic sep mtrr pge mca cmov pat pse36 clflush dts acpi mmx fxsr sse sse2 ss ht tm pbe syscall nx lm constant_tsc arch_perfmon pebs bts rep_good nopl aperfmperf pni dtes64 monitor ds_cpl vmx est tm2 ssse3 cx16 xtpr pdcm lahf_lm dtherm tpr_shadow vnmi flexpriority
bogomips	: 4799.92
clflush size	: 64
cache_alignment	: 64
address sizes	: 36 bits physical, 48 bits virtual
power management:

processor	: 3
vendor_id	: GenuineIntel
cpu family	: 6
model		: 15
model name	: Intel(R) Core(TM)2 Quad CPU    Q6600  @ 2.40GHz
stepping	: 11
microcode	: 0xba
cpu MHz		: 1600.000
cache size	: 4096 KB
physical id	: 0
siblings	: 4
core id		: 2
cpu cores	: 4
apicid		: 2
initial apicid	: 2
fpu		: yes
fpu_exception	: yes
cpuid level	: 10
wp		: yes
flags		: fpu vme de pse tsc msr pae mce cx8 apic sep mtrr pge mca cmov pat pse36 clflush dts acpi mmx fxsr sse sse2 ss ht tm pbe syscall nx lm constant_tsc arch_perfmon pebs bts rep_good nopl aperfmperf pni dtes64 monitor ds_cpl vmx est tm2 ssse3 cx16 xtpr pdcm lahf_lm dtherm tpr_shadow vnmi flexpriority
bogomips	: 4799.92
clflush size	: 64
cache_alignment	: 64
address sizes	: 36 bits physical, 48 bits virtual
power management:



Memory: 4k page, physical 3081164k(83188k free), swap 3162108k(2470028k free)

vm_info: Java HotSpot(TM) 64-Bit Server VM (25.20-b23) for linux-amd64 JRE (1.8.0_20-b26), built on Jul 30 2014 13:13:52 by "java_re" with gcc 4.3.0 20080428 (Red Hat 4.3.0-8)

time: Sat Nov 15 20:03:41 2014
elapsed time: 0 seconds (0d 0h 0m 0s)

